<?xml version="1.0" encoding="UTF-8"?>
<testsuite name="Academy Choucair" tests="1" skipped="1" failures="0" errors="0" timestamp="2021-02-22T15:18:18" hostname="DESKTOP-19IMP2C" time="13.132">
  <properties/>
  <testcase name="Search for a automation course" classname="Academy Choucair" time="13.132">
    <skipped/>
  </testcase>
  <system-out><![CDATA[]]></system-out>
  <system-err><![CDATA[[Test worker] WARN net.thucydides.core.steps.BaseStepListener - stepStarted: net.thucydides.core.steps.ExecutedStepDescription@6d547bb7
[Test worker] WARN net.thucydides.core.steps.BaseStepListener - stepStarted: net.thucydides.core.steps.ExecutedStepDescription@2ccd8829
[Test worker] WARN net.thucydides.core.steps.BaseStepListener - stepStarted: net.thucydides.core.steps.ExecutedStepDescription@267a538d
feb 22, 2021 10:18:19 AM org.openqa.selenium.remote.DesiredCapabilities chrome
INFORMACIÓN: Using `new ChromeOptions()` is preferred to `DesiredCapabilities.chrome()`
[Test worker] INFO net.serenitybdd.core.webdriver.driverproviders.ProvideNewDriver - Instantiating driver
[Test worker] INFO net.serenitybdd.core.webdriver.driverproviders.ProvideNewDriver - Driver capabilities: Capabilities {acceptInsecureCerts: false, browserName: chrome, chrome.switches: --start-maximized, goog:chromeOptions: {args: [--start-maximized], extensions: []}, loggingPrefs: org.openqa.selenium.logging..., platform: ANY, version: }
Starting ChromeDriver 88.0.4324.96 (68dba2d8a0b149a1d3afac56fa74648032bcf46b-refs/branch-heads/4324@{#1784}) on port 7377
Only local connections are allowed.
Please see https://chromedriver.chromium.org/security-considerations for suggestions on keeping ChromeDriver safe.
ChromeDriver was started successfully.
feb 22, 2021 10:18:21 AM org.openqa.selenium.remote.ProtocolHandshake createSession
INFORMACIÓN: Detected dialect: W3C
[Test worker] WARN net.thucydides.core.steps.BaseStepListener - stepFinished: current outcome:Search for a automation course:Given than fabian wants to learn automation at the academy Choucair
| strUser | strPassword |
| 1049633268 | Choucair2021* | [Fabian open up [fabian opens the Choucair academy page]]
[Test worker] WARN net.thucydides.core.steps.BaseStepListener - stepFinished: current outcome:Search for a automation course:Given than fabian wants to learn automation at the academy Choucair
| strUser | strPassword |
| 1049633268 | Choucair2021* | [Fabian open up [fabian opens the Choucair academy page]]
[Test worker] WARN net.thucydides.core.steps.BaseStepListener - stepStarted: net.thucydides.core.steps.ExecutedStepDescription@f2152e9
[Test worker] WARN net.thucydides.core.steps.BaseStepListener - stepStarted: net.thucydides.core.steps.ExecutedStepDescription@5861d211
[Test worker] WARN net.thucydides.core.steps.BaseStepListener - stepFinished: current outcome:Search for a automation course:Given than fabian wants to learn automation at the academy Choucair
| strUser | strPassword |
| 1049633268 | Choucair2021* | [Fabian open up [fabian opens the Choucair academy page], Fabian login [fabian clicks on button that shows us the form to login]]
[Test worker] WARN net.thucydides.core.steps.BaseStepListener - stepStarted: net.thucydides.core.steps.ExecutedStepDescription@705e58c4
[Test worker] WARN net.thucydides.core.steps.BaseStepListener - stepFinished: current outcome:Search for a automation course:Given than fabian wants to learn automation at the academy Choucair
| strUser | strPassword |
| 1049633268 | Choucair2021* | [Fabian open up [fabian opens the Choucair academy page], Fabian login [fabian clicks on button that shows us the form to login, fabian enters '1049633268' into where do we write the password]]
[Test worker] WARN net.thucydides.core.steps.BaseStepListener - stepStarted: net.thucydides.core.steps.ExecutedStepDescription@5f626235
[Test worker] WARN net.thucydides.core.steps.BaseStepListener - stepFinished: current outcome:Search for a automation course:Given than fabian wants to learn automation at the academy Choucair
| strUser | strPassword |
| 1049633268 | Choucair2021* | [Fabian open up [fabian opens the Choucair academy page], Fabian login [fabian clicks on button that shows us the form to login, fabian enters '1049633268' into where do we write the password, fabian enters 'Choucair2021*' into where do we write the password]]
[Test worker] WARN net.thucydides.core.steps.BaseStepListener - stepStarted: net.thucydides.core.steps.ExecutedStepDescription@7b58c18f
[Test worker] WARN net.thucydides.core.steps.BaseStepListener - stepFinished: current outcome:Search for a automation course:Given than fabian wants to learn automation at the academy Choucair
| strUser | strPassword |
| 1049633268 | Choucair2021* | [Fabian open up [fabian opens the Choucair academy page], Fabian login [fabian clicks on button that shows us the form to login, fabian enters '1049633268' into where do we write the password, fabian enters 'Choucair2021*' into where do we write the password, fabian clicks on button to confirm login]]
[Test worker] WARN net.thucydides.core.steps.BaseStepListener - stepFinished: current outcome:Search for a automation course:Given than fabian wants to learn automation at the academy Choucair
| strUser | strPassword |
| 1049633268 | Choucair2021* | [Fabian open up [fabian opens the Choucair academy page], Fabian login [fabian clicks on button that shows us the form to login, fabian enters '1049633268' into where do we write the password, fabian enters 'Choucair2021*' into where do we write the password, fabian clicks on button to confirm login]]
[Test worker] WARN net.thucydides.core.steps.BaseStepListener - stepFinished: current outcome:Search for a automation course:Given than fabian wants to learn automation at the academy Choucair
| strUser | strPassword |
| 1049633268 | Choucair2021* | [Fabian open up [fabian opens the Choucair academy page], Fabian login [fabian clicks on button that shows us the form to login, fabian enters '1049633268' into where do we write the password, fabian enters 'Choucair2021*' into where do we write the password, fabian clicks on button to confirm login]]
[Test worker] WARN net.thucydides.core.steps.BaseStepListener - stepStarted: net.thucydides.core.steps.ExecutedStepDescription@23b8a4c1
[Test worker] INFO net.thucydides.core.steps.ConsoleLoggingListener - TEST PENDING
[Test worker] WARN net.thucydides.core.steps.BaseStepListener - stepStarted: net.thucydides.core.steps.ExecutedStepDescription@4aadecde
[Test worker] WARN net.thucydides.core.steps.BaseStepListener - testFinished: Search for a automation course:Given than fabian wants to learn automation at the academy Choucair
| strUser | strPassword |
| 1049633268 | Choucair2021* | [Fabian open up [fabian opens the Choucair academy page], Fabian login [fabian clicks on button that shows us the form to login, fabian enters '1049633268' into where do we write the password, fabian enters 'Choucair2021*' into where do we write the password, fabian clicks on button to confirm login]], When he search for the course Workshop de Automatización on the choucair academy platform
| strCourse |
| Workshop de Automatización |, Then he finds the course called resources Workshop de Automatización
| strCourse |
| Workshop de Automatización |
[Test worker] WARN net.thucydides.core.steps.BaseStepListener - TestOutcomes: [Search for a automation course:Given than fabian wants to learn automation at the academy Choucair
| strUser | strPassword |
| 1049633268 | Choucair2021* | [Fabian open up [fabian opens the Choucair academy page], Fabian login [fabian clicks on button that shows us the form to login, fabian enters '1049633268' into where do we write the password, fabian enters 'Choucair2021*' into where do we write the password, fabian clicks on button to confirm login]], When he search for the course Workshop de Automatización on the choucair academy platform
| strCourse |
| Workshop de Automatización |, Then he finds the course called resources Workshop de Automatización
| strCourse |
| Workshop de Automatización |]
[Test worker] WARN net.thucydides.core.steps.BaseStepListener - Final testOutcomes: [Search for a automation course:Given than fabian wants to learn automation at the academy Choucair
| strUser | strPassword |
| 1049633268 | Choucair2021* | [Fabian open up [fabian opens the Choucair academy page], Fabian login [fabian clicks on button that shows us the form to login, fabian enters '1049633268' into where do we write the password, fabian enters 'Choucair2021*' into where do we write the password, fabian clicks on button to confirm login]], When he search for the course Workshop de Automatización on the choucair academy platform
| strCourse |
| Workshop de Automatización |, Then he finds the course called resources Workshop de Automatización
| strCourse |
| Workshop de Automatización |]
[Test worker] INFO net.thucydides.core.steps.ConsoleLoggingListener - 
          __  _____ _____ ____ _____   ____  _____ _   _ ____ ___ _   _  ____ 
 _       / / |_   _| ____/ ___|_   _| |  _ \| ____| \ | |  _ \_ _| \ | |/ ___|
(_)____ / /    | | |  _| \___ \ | |   | |_) |  _| |  \| | | | | ||  \| | |  _ 
 |_____/ /     | | | |___ ___) || |   |  __/| |___| |\  | |_| | || |\  | |_| |
(_)   /_/      |_| |_____|____/ |_|   |_|   |_____|_| \_|____/___|_| \_|\____|
                                                                                

TEST PENDING: Search for a automation course
---------------------------------------------------------------------------------
]]></system-err>
</testsuite>
